<?xml version="1.0" encoding="UTF-8"?>
<testng-results ignored="0" total="1" passed="1" failed="0" skipped="0">
  <reporter-output>
  </reporter-output>
  <suite started-at="2026-03-11T11:58:51 IST" name="Default suite" finished-at="2026-03-11T11:59:16 IST" duration-ms="24961">
    <groups>
    </groups>
    <test started-at="2026-03-11T11:58:51 IST" name="Default test" finished-at="2026-03-11T11:59:16 IST" duration-ms="24961">
      <class name="tests.AmazonTest">
        <test-method is-config="true" signature="setUp()[pri:0, instance:tests.AmazonTest@3700ec9c]" started-at="2026-03-11T11:58:51 IST" name="setUp" finished-at="2026-03-11T11:58:56 IST" duration-ms="4838" status="PASS">
          <reporter-output>
          </reporter-output>
        </test-method> <!-- setUp -->
        <test-method signature="amazontest()[pri:0, instance:tests.AmazonTest@3700ec9c]" started-at="2026-03-11T11:58:56 IST" name="amazontest" finished-at="2026-03-11T11:59:14 IST" duration-ms="18562" status="PASS">
          <reporter-output>
          </reporter-output>
        </test-method> <!-- amazontest -->
        <test-method is-config="true" signature="teardown(org.testng.ITestResult)[pri:0, instance:tests.AmazonTest@3700ec9c]" started-at="2026-03-11T11:59:14 IST" name="teardown" finished-at="2026-03-11T11:59:16 IST" duration-ms="1458" status="PASS">
          <params>
            <param index="0">
              <value>
                <![CDATA[[TestResult name=amazontest status=SUCCESS method=AmazonTest.amazontest()[pri:0, instance:tests.AmazonTest@3700ec9c] output={null}]]]>
              </value>
            </param>
          </params>
          <reporter-output>
          </reporter-output>
        </test-method> <!-- teardown -->
      </class> <!-- tests.AmazonTest -->
    </test> <!-- Default test -->
  </suite> <!-- Default suite -->
</testng-results>
