<?xml version="1.0" encoding="UTF-8"?>
<!-- Generated by org.testng.reporters.JUnitXMLReporter -->
<testsuite ignored="0" hostname="DESKTOP-DBLKF6P" failures="1" tests="1" name="AmazonTest" time="3.52" errors="0" timestamp="2026-03-11T10:58:44 IST">
  <testcase classname="tests.AmazonTest" name="amazontest" time="0.031">
    <failure type="java.lang.NullPointerException" message="Cannot invoke &amp;quot;org.openqa.selenium.WebDriver.manage()&amp;quot; because &amp;quot;driver&amp;quot; is null">
      <![CDATA[java.lang.NullPointerException: Cannot invoke "org.openqa.selenium.WebDriver.manage()" because "driver" is null
at utils.GenericUtils1.implicitwait(GenericUtils1.java:26)
at tests.AmazonTest.amazontest(AmazonTest.java:18)
at java.base/java.util.ArrayList.forEach(ArrayList.java:1596)
... Removed 25 stack frames]]>
    </failure>
  </testcase> <!-- amazontest -->
</testsuite> <!-- AmazonTest -->
